Determining if the pthread_create exist failed with the following output:
Change Dir: /home/zheng/ros/build/CMakeFiles/CMakeTmp

Run Build Command:/usr/bin/make "cmTryCompileExec4218192070/fast"
/usr/bin/make -f CMakeFiles/cmTryCompileExec4218192070.dir/build.make CMakeFiles/cmTryCompileExec4218192070.dir/build
make[1]: Entering directory `/home/zheng/ros/build/CMakeFiles/CMakeTmp'
/usr/bin/cmake -E cmake_progress_report /home/zheng/ros/build/CMakeFiles/CMakeTmp/CMakeFiles 1
Building C object CMakeFiles/cmTryCompileExec4218192070.dir/CheckSymbolExists.c.o
/usr/bin/cc    -o CMakeFiles/cmTryCompileExec4218192070.dir/CheckSymbolExists.c.o   -c /home/zheng/ros/build/CMakeFiles/CMakeTmp/CheckSymbolExists.c
Linking C executable cmTryCompileExec4218192070
/usr/bin/cmake -E cmake_link_script CMakeFiles/cmTryCompileExec4218192070.dir/link.txt --verbose=1
/usr/bin/cc       CMakeFiles/cmTryCompileExec4218192070.dir/CheckSymbolExists.c.o  -o cmTryCompileExec4218192070 -rdynamic 
CMakeFiles/cmTryCompileExec4218192070.dir/CheckSymbolExists.c.o: In function `main':
CheckSymbolExists.c:(.text+0x16): undefined reference to `pthread_create'
collect2: error: ld returned 1 exit status
make[1]: Leaving directory `/home/zheng/ros/build/CMakeFiles/CMakeTmp'
make[1]: *** [cmTryCompileExec4218192070] Error 1
make: *** [cmTryCompileExec4218192070/fast] Error 2

File /home/zheng/ros/build/CMakeFiles/CMakeTmp/CheckSymbolExists.c:
/* */
#include <pthread.h>

int main(int argc, char** argv)
{
  (void)argv;
#ifndef pthread_create
  return ((int*)(&pthread_create))[argc];
#else
  (void)argc;
  return 0;
#endif
}

Determining if the function pthread_create exists in the pthreads failed with the following output:
Change Dir: /home/zheng/ros/build/CMakeFiles/CMakeTmp

Run Build Command:/usr/bin/make "cmTryCompileExec3266499640/fast"
/usr/bin/make -f CMakeFiles/cmTryCompileExec3266499640.dir/build.make CMakeFiles/cmTryCompileExec3266499640.dir/build
make[1]: Entering directory `/home/zheng/ros/build/CMakeFiles/CMakeTmp'
/usr/bin/cmake -E cmake_progress_report /home/zheng/ros/build/CMakeFiles/CMakeTmp/CMakeFiles 1
Building C object CMakeFiles/cmTryCompileExec3266499640.dir/CheckFunctionExists.c.o
/usr/bin/cc   -DCHECK_FUNCTION_EXISTS=pthread_create   -o CMakeFiles/cmTryCompileExec3266499640.dir/CheckFunctionExists.c.o   -c /usr/share/cmake-2.8/Modules/CheckFunctionExists.c
Linking C executable cmTryCompileExec3266499640
/usr/bin/cmake -E cmake_link_script CMakeFiles/cmTryCompileExec3266499640.dir/link.txt --verbose=1
/usr/bin/cc   -DCHECK_FUNCTION_EXISTS=pthread_create    CMakeFiles/cmTryCompileExec3266499640.dir/CheckFunctionExists.c.o  -o cmTryCompileExec3266499640 -rdynamic -lpthreads 
/usr/bin/ld: cannot find -lpthreads
collect2: error: ld returned 1 exit status
make[1]: Leaving directory `/home/zheng/ros/build/CMakeFiles/CMakeTmp'
make[1]: *** [cmTryCompileExec3266499640] Error 1
make: *** [cmTryCompileExec3266499640/fast] Error 2


